<?xml version="1.0" encoding="UTF-8"?>
<!-- Generated by org.testng.reporters.JUnitReportReporter -->
<testsuite hostname="LTUGPLTP0086" failures="0" tests="3" name="com.OrangeHRM.AutomationTests.VerifyDashboardTabTest" time="33.243" errors="0" timestamp="2023-06-19T16:09:15 EEST" skipped="0">
  <testcase classname="com.OrangeHRM.AutomationTests.VerifyDashboardTabTest" name="VerifytoDashboardSectionIsDispalyed" time="8.877"/>
  <system-out/>
  <testcase classname="com.OrangeHRM.AutomationTests.VerifyDashboardTabTest" name="VerifyAssignLeaveOptionIsClickable" time="15.290"/>
  <system-out/>
  <testcase classname="com.OrangeHRM.AutomationTests.VerifyDashboardTabTest" name="VerifyIfBuzzLatestPostsDisplayed" time="9.076"/>
  <system-out/>
</testsuite> <!-- com.OrangeHRM.AutomationTests.VerifyDashboardTabTest -->
