<?xml version="1.0" encoding="UTF-8"?>
<!-- Generated by org.testng.reporters.JUnitReportReporter -->
<testsuite hostname="LTUGPLTP0086" failures="0" tests="6" name="com.OrangeHRM.AutomationTests.VerifyPerformanceTabTest" time="75.019" errors="0" timestamp="2023-06-20T15:40:13 EEST" skipped="0">
  <testcase classname="com.OrangeHRM.AutomationTests.VerifyPerformanceTabTest" name="VerifytoClickonPerformanceTab" time="10.629"/>
  <system-out/>
  <testcase classname="com.OrangeHRM.AutomationTests.VerifyPerformanceTabTest" name="VerifytoClickonEmployeeNameTab" time="13.966"/>
  <system-out/>
  <testcase classname="com.OrangeHRM.AutomationTests.VerifyPerformanceTabTest" name="VerifyReviewStatusTab" time="12.721"/>
  <system-out/>
  <testcase classname="com.OrangeHRM.AutomationTests.VerifyPerformanceTabTest" name="VerifyMyTrackerTab" time="10.991"/>
  <system-out/>
  <testcase classname="com.OrangeHRM.AutomationTests.VerifyPerformanceTabTest" name="VerifyClickingViewButton" time="12.894"/>
  <system-out/>
  <testcase classname="com.OrangeHRM.AutomationTests.VerifyPerformanceTabTest" name="VerifyClickingAddLogButton" time="13.818"/>
  <system-out/>
</testsuite> <!-- com.OrangeHRM.AutomationTests.VerifyPerformanceTabTest -->
