<?xml version="1.0" encoding="UTF-8"?>
<!-- Generated by org.testng.reporters.JUnitReportReporter -->
<testsuite hostname="LTUGPLTP0086" failures="0" tests="1" name="com.OrangeHRM.AutomationTests.VerifyUserLoginTest" time="12.163" errors="0" timestamp="2023-06-17T15:18:24 EEST" skipped="0">
  <testcase classname="com.OrangeHRM.AutomationTests.VerifyUserLoginTest" name="VerfiyValidUserLogin" time="12.163"/>
  <system-out/>
</testsuite> <!-- com.OrangeHRM.AutomationTests.VerifyUserLoginTest -->
